<?xml version="1.0" encoding="UTF-8"?>
<!-- Generated by org.testng.reporters.JUnitReportReporter -->
<testsuite skipped="0" hostname="DESKTOP-KA64HP5" name="runner.RunnerTestNG" tests="12" failures="1" timestamp="2022-04-19T14:05:22 EET" time="149.286" errors="0">
  <testcase name="runScenario" time="11.681" classname="runner.RunnerTestNG"/>
  <system-out/>
  <testcase name="runScenario" time="8.592" classname="runner.RunnerTestNG"/>
  <system-out/>
  <testcase name="runScenario" time="9.354" classname="runner.RunnerTestNG"/>
  <system-out/>
  <testcase name="runScenario" time="10.722" classname="runner.RunnerTestNG">
    <failure type="java.lang.AssertionError" message="expected [true] but found [false]">
      <![CDATA[java.lang.AssertionError: expected [true] but found [false]
at org.testng.Assert.fail(Assert.java:99)
at org.testng.Assert.failNotEquals(Assert.java:1037)
at org.testng.Assert.assertTrue(Assert.java:45)
at org.testng.Assert.assertTrue(Assert.java:55)
at stepDefinitions.CurrencyChange.userSeesThePriceOfTheProductInEuro(CurrencyChange.java:27)
at âœ½.user sees the price of the product in Euro(file:///D:/Self-Improvement/Projects/Testing%20Automation/AutomationLastUpdate/src/test/java/features/F05_CurrencyChange.feature:8)
]]>
    </failure>
  </testcase> <!-- runScenario -->
  <system-out/>
  <testcase name="runScenario" time="20.303" classname="runner.RunnerTestNG"/>
  <system-out/>
  <testcase name="runScenario" time="9.590" classname="runner.RunnerTestNG"/>
  <system-out/>
  <testcase name="runScenario" time="26.937" classname="runner.RunnerTestNG"/>
  <system-out/>
  <testcase name="runScenario" time="9.933" classname="runner.RunnerTestNG"/>
  <system-out/>
  <testcase name="runScenario" time="10.723" classname="runner.RunnerTestNG"/>
  <system-out/>
  <testcase name="runScenario" time="9.675" classname="runner.RunnerTestNG"/>
  <system-out/>
  <testcase name="runScenario" time="10.198" classname="runner.RunnerTestNG"/>
  <system-out/>
  <testcase name="runScenario" time="11.578" classname="runner.RunnerTestNG"/>
  <system-out/>
</testsuite> <!-- runner.RunnerTestNG -->
